#
# There is insufficient memory for the Java Runtime Environment to continue.
# Native memory allocation (mmap) failed to map 532676608 bytes for G1 virtual space
# Possible reasons:
#   The system is out of physical RAM or swap space
#   The process is running with CompressedOops enabled, and the Java Heap may be blocking the growth of the native heap
# Possible solutions:
#   Reduce memory load on the system
#   Increase physical memory or swap space
#   Check if swap backing store is full
#   Decrease Java heap size (-Xmx/-Xms)
#   Decrease number of Java threads
#   Decrease Java thread stack sizes (-Xss)
#   Set larger code cache with -XX:ReservedCodeCacheSize=
#   JVM is running with Zero Based Compressed Oops mode in which the Java heap is
#     placed in the first 32GB address space. The Java Heap base address is the
#     maximum limit for the native heap growth. Please use -XX:HeapBaseMinAddress
#     to set the Java Heap base and to place the Java Heap above 32GB virtual address.
# This output file may be truncated or incomplete.
#
#  Out of Memory Error (./open/src/hotspot/os/windows/os_windows.cpp:3472), pid=50440, tid=10316
#
# JRE version:  (15.0+36) (build )
# Java VM: Java HotSpot(TM) 64-Bit Server VM (15+36-1562, mixed mode, sharing, tiered, compressed oops, g1 gc, windows-amd64)
# No core dump will be written. Minidumps are not enabled by default on client versions of Windows
#

---------------  S U M M A R Y ------------

Command Line: -XX:+ShowCodeDetailsInExceptionMessages Main

Host: Intel(R) Core(TM) i7-9800X CPU @ 3.80GHz, 16 cores, 31G,  Windows 10 , 64 bit Build 22000 (10.0.22000.318)
Time: Wed Jan 12 16:51:43 2022 Eastern Standard Time elapsed time: 0.015107 seconds (0d 0h 0m 0s)

---------------  T H R E A D  ---------------

Current thread (0x000001fe23e87250):  JavaThread "Unknown thread" [_thread_in_vm, id=10316, stack(0x0000008336b00000,0x0000008336c00000)]

Stack: [0x0000008336b00000,0x0000008336c00000]
Native frames: (J=compiled Java code, j=interpreted, Vv=VM code, C=native code)
V  [jvm.dll+0x629eaa]
V  [jvm.dll+0x780379]
V  [jvm.dll+0x781ad3]
V  [jvm.dll+0x782133]
V  [jvm.dll+0x2159d5]
V  [jvm.dll+0x627299]
V  [jvm.dll+0x61bdd5]
V  [jvm.dll+0x2cf96d]
V  [jvm.dll+0x2cf7d2]
V  [jvm.dll+0x2d57ac]
V  [jvm.dll+0x32523a]
V  [jvm.dll+0x324904]
V  [jvm.dll+0x2a68ea]
V  [jvm.dll+0x2a7a88]
V  [jvm.dll+0x75d0f1]
V  [jvm.dll+0x333af4]
V  [jvm.dll+0x73d816]
V  [jvm.dll+0x3b68e7]
V  [jvm.dll+0x3b8371]
C  [jli.dll+0x52fb]
C  [ucrtbase.dll+0x26c0c]
C  [KERNEL32.DLL+0x154e0]
C  [ntdll.dll+0x485b]


---------------  P R O C E S S  ---------------

Threads class SMR info:
_java_thread_list=0x00007ffd34942fa0, length=0, elements={
}

Java Threads: ( => current thread )

Other Threads:
  0x000001fe23eff5d0 GCTaskThread "GC Thread#0" [stack: 0x0000008336c00000,0x0000008336d00000] [id=44152]
  0x000001fe23f10620 ConcurrentGCThread "G1 Main Marker" [stack: 0x0000008336d00000,0x0000008336e00000] [id=3712]
  0x000001fe23f11a30 ConcurrentGCThread "G1 Conc#0" [stack: 0x0000008336e00000,0x0000008336f00000] [id=31876]

[error occurred during error reporting (printing all threads), id 0xc0000005, EXCEPTION_ACCESS_VIOLATION (0xc0000005) at pc=0x00007ffd341377b7]

VM state: not at safepoint (not fully initialized)

VM Mutex/Monitor currently owned by a thread:  ([mutex/lock_event])
[0x000001fe23e81770] Heap_lock - owner thread: 0x000001fe23e87250

Heap address: 0x0000000605000000, size: 8112 MB, Compressed Oops mode: Zero based, Oop shift amount: 3
CDS archive(s) mapped at: [0x0000000000000000-0x0000000000000000-0x0000000000000000), size 0, SharedBaseAddress: 0x0000000800000000, ArchiveRelocationMode: 0.
Narrow klass base: 0x0000000000000000, Narrow klass shift: 0, Narrow klass range: 0x0

Heap:
 garbage-first heap   total 520192K, used 0K [0x0000000605000000, 0x0000000800000000)
  region size 4096K, 0 young (0K), 0 survivors (0K)
 Metaspace       used 0K, capacity 0K, committed 0K, reserved 0K
  class space    used 0K, capacity 0K, committed 0K, reserved 0K

Heap Regions: E=young(eden), S=young(survivor), O=old, HS=humongous(starts), HC=humongous(continues), CS=collection set, F=free, OA=open archive, CA=closed archive, TAMS=top-at-mark-start (previous, next)

Card table byte_map: [0x000001fe3c920000,0x000001fe3d900000] _byte_map_base: 0x000001fe398f8000

Marking Bits (Prev, Next): (CMBitMap*) 0x000001fe23effe40, (CMBitMap*) 0x000001fe23effe80
 Prev Bits: [0x000001fe3e8e0000, 0x000001fe467a0000)
 Next Bits: [0x000001fe467a0000, 0x000001fe4e660000)

GC Heap History (0 events):
No events

Deoptimization events (0 events):
No events

Classes unloaded (0 events):
No events

Classes redefined (0 events):
No events

Internal exceptions (0 events):
No events

Events (1 events):
Event: 0.008 Loaded shared library C:\Users\Admin\AppData\Local\Programs\AdoptOpenJDK\jdk-15\bin\java.dll


Dynamic libraries:
0x00007ff6bda50000 - 0x00007ff6bda5f000 	C:\Users\Admin\AppData\Local\Programs\AdoptOpenJDK\jdk-15\bin\java.exe
0x00007ffdb09c0000 - 0x00007ffdb0bc7000 	C:\WINDOWS\SYSTEM32\ntdll.dll
0x00007ffdaeed0000 - 0x00007ffdaef8d000 	C:\WINDOWS\System32\KERNEL32.DLL
0x00007ffdadea0000 - 0x00007ffdae214000 	C:\WINDOWS\System32\KERNELBASE.dll
0x00007ffdae410000 - 0x00007ffdae521000 	C:\WINDOWS\System32\ucrtbase.dll
0x00007ffd9fd40000 - 0x00007ffd9fd59000 	C:\Users\Admin\AppData\Local\Programs\AdoptOpenJDK\jdk-15\bin\VCRUNTIME140.dll
0x00007ffd96d30000 - 0x00007ffd96d48000 	C:\Users\Admin\AppData\Local\Programs\AdoptOpenJDK\jdk-15\bin\jli.dll
0x00007ffdb0350000 - 0x00007ffdb03fc000 	C:\WINDOWS\System32\ADVAPI32.dll
0x00007ffdaf120000 - 0x00007ffdaf1c3000 	C:\WINDOWS\System32\msvcrt.dll
0x00007ffdaf000000 - 0x00007ffdaf09d000 	C:\WINDOWS\System32\sechost.dll
0x00007ffdaeae0000 - 0x00007ffdaec01000 	C:\WINDOWS\System32\RPCRT4.dll
0x00007ffdafb90000 - 0x00007ffdafd3c000 	C:\WINDOWS\System32\USER32.dll
0x00007ffdae660000 - 0x00007ffdae686000 	C:\WINDOWS\System32\win32u.dll
0x00007ffd98170000 - 0x00007ffd98415000 	C:\WINDOWS\WinSxS\amd64_microsoft.windows.common-controls_6595b64144ccf1df_6.0.22000.120_none_9d947278b86cc467\COMCTL32.dll
0x00007ffdaf320000 - 0x00007ffdaf349000 	C:\WINDOWS\System32\GDI32.dll
0x00007ffdae690000 - 0x00007ffdae7a2000 	C:\WINDOWS\System32\gdi32full.dll
0x00007ffdae7b0000 - 0x00007ffdae84d000 	C:\WINDOWS\System32\msvcp_win.dll
0x00007ffda51a0000 - 0x00007ffda51aa000 	C:\WINDOWS\SYSTEM32\VERSION.dll
0x00007ffdb0310000 - 0x00007ffdb0341000 	C:\WINDOWS\System32\IMM32.DLL
0x00007ffd951f0000 - 0x00007ffd951fc000 	C:\Users\Admin\AppData\Local\Programs\AdoptOpenJDK\jdk-15\bin\vcruntime140_1.dll
0x00007ffd69020000 - 0x00007ffd690b1000 	C:\Users\Admin\AppData\Local\Programs\AdoptOpenJDK\jdk-15\bin\msvcp140.dll
0x00007ffd33e80000 - 0x00007ffd349dc000 	C:\Users\Admin\AppData\Local\Programs\AdoptOpenJDK\jdk-15\bin\server\jvm.dll
0x00007ffdae850000 - 0x00007ffdae858000 	C:\WINDOWS\System32\PSAPI.DLL
0x00007ffd92e40000 - 0x00007ffd92e49000 	C:\WINDOWS\SYSTEM32\WSOCK32.dll
0x00007ffda6a50000 - 0x00007ffda6a83000 	C:\WINDOWS\SYSTEM32\WINMM.dll
0x00007ffdb02a0000 - 0x00007ffdb030f000 	C:\WINDOWS\System32\WS2_32.dll
0x00007ffdad0b0000 - 0x00007ffdad0c8000 	C:\WINDOWS\SYSTEM32\kernel.appcore.dll
0x00007ffd94160000 - 0x00007ffd9416a000 	C:\Users\Admin\AppData\Local\Programs\AdoptOpenJDK\jdk-15\bin\jimage.dll
0x00007ffdac630000 - 0x00007ffdac851000 	C:\WINDOWS\SYSTEM32\DBGHELP.DLL
0x00007ffd95340000 - 0x00007ffd95371000 	C:\WINDOWS\SYSTEM32\dbgcore.DLL
0x00007ffdae390000 - 0x00007ffdae40f000 	C:\WINDOWS\System32\bcryptPrimitives.dll
0x00007ffd7fc10000 - 0x00007ffd7fc35000 	C:\Users\Admin\AppData\Local\Programs\AdoptOpenJDK\jdk-15\bin\java.dll

dbghelp: loaded successfully - version: 4.0.5 - missing functions: none
symbol engine: initialized successfully - sym options: 0x614 - pdb path: .;C:\Users\Admin\AppData\Local\Programs\AdoptOpenJDK\jdk-15\bin;C:\WINDOWS\SYSTEM32;C:\WINDOWS\WinSxS\amd64_microsoft.windows.common-controls_6595b64144ccf1df_6.0.22000.120_none_9d947278b86cc467;C:\Users\Admin\AppData\Local\Programs\AdoptOpenJDK\jdk-15\bin\server

VM Arguments:
jvm_args: -XX:+ShowCodeDetailsInExceptionMessages 
java_command: Main
java_class_path (initial): C:\Users\Admin\Documents\GitHub\CSA-Projects-Unit-4-Assesment\bin
Launcher Type: SUN_STANDARD

[Global flags]
     intx CICompilerCount                          = 12                                        {product} {ergonomic}
     uint ConcGCThreads                            = 3                                         {product} {ergonomic}
     uint G1ConcRefinementThreads                  = 13                                        {product} {ergonomic}
   size_t G1HeapRegionSize                         = 4194304                                   {product} {ergonomic}
    uintx GCDrainStackTargetSize                   = 64                                        {product} {ergonomic}
   size_t InitialHeapSize                          = 532676608                                 {product} {ergonomic}
   size_t MarkStackSize                            = 4194304                                   {product} {ergonomic}
   size_t MaxHeapSize                              = 8506048512                                {product} {ergonomic}
   size_t MinHeapDeltaBytes                        = 4194304                                   {product} {ergonomic}
   size_t MinHeapSize                              = 8388608                                   {product} {ergonomic}
    uintx NonNMethodCodeHeapSize                   = 7602480                                {pd product} {ergonomic}
    uintx NonProfiledCodeHeapSize                  = 122027880                              {pd product} {ergonomic}
    uintx ProfiledCodeHeapSize                     = 122027880                              {pd product} {ergonomic}
    uintx ReservedCodeCacheSize                    = 251658240                              {pd product} {ergonomic}
     bool SegmentedCodeCache                       = true                                      {product} {ergonomic}
     bool ShowCodeDetailsInExceptionMessages       = true                                   {manageable} {command line}
   size_t SoftMaxHeapSize                          = 8506048512                             {manageable} {ergonomic}
     bool UseCompressedClassPointers               = true                                 {lp64_product} {ergonomic}
     bool UseCompressedOops                        = true                                 {lp64_product} {ergonomic}
     bool UseG1GC                                  = true                                      {product} {ergonomic}
     bool UseLargePagesIndividualAllocation        = false                                  {pd product} {ergonomic}

Logging:
Log output configuration:
 #0: stdout all=warning uptime,level,tags
 #1: stderr all=off uptime,level,tags

Environment Variables:
JAVA_HOME=C:\Users\Admin\AppData\Local\Programs\AdoptOpenJDK\jdk-11.0.8.10-hotspot\
PATH=C:\Program Files (x86)\NVIDIA Corporation\PhysX\Common;C:\Program Files (x86)\Razer Chroma SDK\bin;C:\Program Files\Razer Chroma SDK\bin;C:\Program Files (x86)\Razer\ChromaBroadcast\bin;C:\Program Files\Razer\ChromaBroadcast\bin;C:\Program Files (x86)\Common Files\Oracle\Java\javapath;C:\Program Files (x86)\Intel\Intel(R) Management Engine Components\iCLS\;C:\Program Files\Intel\Intel(R) Management Engine Components\iCLS\;C:\Windows\system32;C:\Windows;C:\Windows\System32\Wbem;C:\Windows\System32\WindowsPowerShell\v1.0\;C:\Program Files (x86)\Intel\Intel(R) Management Engine Components\DAL;C:\Program Files\Intel\Intel(R) Management Engine Components\DAL;C:\Program Files (x86)\Intel\Intel(R) Management Engine Components\IPT;C:\Program Files\Intel\Intel(R) Management Engine Components\IPT;C:\Program Files\NVIDIA Corporation\NVIDIA NvDLISR;C:\WINDOWS\system32;C:\WINDOWS;C:\WINDOWS\System32\Wbem;C:\WINDOWS\System32\WindowsPowerShell\v1.0\;C:\WINDOWS\System32\OpenSSH\;C:\Program Files\Microsoft SQL Server\Client SDK\ODBC\110\Tools\Binn\;C:\Program Files (x86)\Microsoft SQL Server\120\Tools\Binn\;C:\Program Files\Microsoft SQL Server\120\Tools\Binn\;C:\Program Files\Microsoft SQL Server\120\DTS\Binn\;C:\Program Files (x86)\Windows Kits\8.1\Windows Performance Toolkit\;C:\Program Files (x86)\Wireless Docking\;C:\WINDOWS\system32\config\systemprofile\AppData\Local\Microsoft\WindowsApps;C:\Users\Admin\AppData\Local\Microsoft\WindowsApps;C:\Users\Admin\AppData\Local\GitHubDesktop\bin;C:\Program Files\Git\cmd;C:\Program Files\dotnet\;M:\Microsoft VS Code\bin;C:\Program Files (x86)\Common Files\Propellerhead Software\ReWire\;C:\Program Files\Common Files\Propellerhead Software\ReWire\;C:\Program Files\Microsoft SQL Server\130\Tools\Binn\;C:\Program Files\Microsoft SQL Server\Client SDK\ODBC\170\Tools\Binn\;C:\Program Files\Docker\Docker\resources\bin;C:\ProgramData\DockerDesktop\version-bin;C:\WINDOWS\system32;C:\WINDOWS;C:\WINDOWS\System32\Wbem;C:\WINDOWS\System32\WindowsPow
USERNAME=Admin
LANG=en_GB.UTF-8
OS=Windows_NT
PROCESSOR_IDENTIFIER=Intel64 Family 6 Model 85 Stepping 4, GenuineIntel



---------------  S Y S T E M  ---------------

OS:
 Windows 10 , 64 bit Build 22000 (10.0.22000.318)
OS uptime: 12 days 13:18 hours

CPU: total 16 (initial active 16) (8 cores per cpu, 2 threads per core) family 6 model 85 stepping 4, cmov, cx8, fxsr, mmx, sse, sse2, sse3, ssse3, sse4.1, sse4.2, popcnt, vzeroupper, avx, avx2, aes, clmul, erms, rtm, 3dnowpref, lzcnt, ht, tsc, tscinvbit, bmi1, bmi2, adx, fma, clflush, clflushopt, clwb

Memory: 4k page, system-wide physical 32432M (6107M free)
TotalPageFile size 70432M (AvailPageFile size 487M)
current process WorkingSet (physical memory assigned to process): 10M, peak: 10M
current process commit charge ("private bytes"): 70M, peak: 578M

vm_info: Java HotSpot(TM) 64-Bit Server VM (15+36-1562) for windows-amd64 JRE (15+36-1562), built on Aug 11 2020 22:38:02 by "mach5one" with unknown MS VC++:1925

END.
